<?xml version="1.0" encoding="UTF-8"?>
<!-- Generated by org.testng.reporters.JUnitReportReporter -->
<testsuite hostname="PrashantOjha-PC" failures="0" tests="4" name="com.datadrivenTesting.NewGmailNewAccountTest" time="9.733" errors="0" timestamp="29 Jan 2019 20:42:08 GMT" skipped="0">
  <testcase classname="com.datadrivenTesting.NewGmailNewAccountTest" name="gmailTest" time="2.271"/>
  <testcase classname="com.datadrivenTesting.NewGmailNewAccountTest" name="gmailTest" time="2.569"/>
  <testcase classname="com.datadrivenTesting.NewGmailNewAccountTest" name="gmailTest" time="2.172"/>
  <testcase classname="com.datadrivenTesting.NewGmailNewAccountTest" name="gmailTest" time="2.721"/>
</testsuite> <!-- com.datadrivenTesting.NewGmailNewAccountTest -->
