<?xml version="1.0" encoding="UTF-8"?>
<!-- Generated by org.testng.reporters.JUnitReportReporter -->
<testsuite skipped="0" hostname="PrashantOjha-PC" name="com.datadrivenTesting.GmailNewAccountTest" tests="4" failures="0" timestamp="31 Dec 2018 18:55:16 GMT" time="10.275" errors="0">
  <testcase name="gmailAccountTest" time="2.786" classname="com.datadrivenTesting.GmailNewAccountTest"/>
  <testcase name="gmailAccountTest" time="3.397" classname="com.datadrivenTesting.GmailNewAccountTest"/>
  <testcase name="gmailAccountTest" time="2.226" classname="com.datadrivenTesting.GmailNewAccountTest"/>
  <testcase name="gmailAccountTest" time="1.866" classname="com.datadrivenTesting.GmailNewAccountTest"/>
</testsuite> <!-- com.datadrivenTesting.GmailNewAccountTest -->
